
=== Sat Aug 28 22:16:29 2021

Packages were changed.
Update Mode: updateDependencies

The following packages were added:
  com.unity.ide.visualstudio@2.0.7
The following packages were updated:
  com.unity.ide.rider from version 1.2.1 to 2.0.7
  com.unity.textmeshpro from version 2.1.6 to 3.0.1
  com.unity.timeline from version 1.2.18 to 1.4.7
  com.unity.xr.arcore from version 2.1.18 to 4.1.7
  com.unity.xr.arfoundation from version 2.1.18 to 4.1.7
  com.unity.xr.arkit from version 2.1.18 to 4.1.7
The following packages were removed:
  com.unity.xr.openvr.standalone@2.0.5
  com.unity.xr.windowsmr.metro@4.2.3

=== Tue Oct 19 05:48:08 2021

Packages were changed.
Update Mode: updateDependencies

The following packages were updated:
  com.unity.ide.visualstudio from version 2.0.7 to 2.0.11
  com.unity.ide.vscode from version 1.2.3 to 1.2.4
  com.unity.test-framework from version 1.1.27 to 1.1.29
  com.unity.textmeshpro from version 3.0.1 to 3.0.6
  com.unity.timeline from version 1.4.7 to 1.4.8
